2023/04/26 09:31:49 INFO  - jmeter.util.JMeterUtils: Setting Locale to en_US 
2023/04/26 09:31:49 INFO  - jmeter.JMeter: Loading user properties from: /usr/share/jmeter/bin/user.properties 
2023/04/26 09:31:49 INFO  - jmeter.JMeter: Loading system properties from: /usr/share/jmeter/bin/system.properties 
2023/04/26 09:31:50 INFO  - jmeter.JMeter: Copyright (c) 1998-2015 The Apache Software Foundation 
2023/04/26 09:31:50 INFO  - jmeter.JMeter: Version 2.13.20180731 
2023/04/26 09:31:50 INFO  - jmeter.JMeter: java.version=11.0.18 
2023/04/26 09:31:50 INFO  - jmeter.JMeter: java.vm.name=OpenJDK 64-Bit Server VM 
2023/04/26 09:31:50 INFO  - jmeter.JMeter: os.name=Linux 
2023/04/26 09:31:50 INFO  - jmeter.JMeter: os.arch=amd64 
2023/04/26 09:31:50 INFO  - jmeter.JMeter: os.version=5.4.0-147-generic 
2023/04/26 09:31:50 INFO  - jmeter.JMeter: file.encoding=UTF-8 
2023/04/26 09:31:50 INFO  - jmeter.JMeter: Default Locale=English (United States) 
2023/04/26 09:31:50 INFO  - jmeter.JMeter: JMeter  Locale=English (United States) 
2023/04/26 09:31:50 INFO  - jmeter.JMeter: JMeterHome=/usr/share/jmeter 
2023/04/26 09:31:50 INFO  - jmeter.JMeter: user.dir  =/home/omarff/Desktop/ticket_app 
2023/04/26 09:31:50 INFO  - jmeter.JMeter: PWD       =/home/omarff/Desktop/ticket_app 
2023/04/26 09:31:50 INFO  - jmeter.JMeter: IP: 127.0.1.1 Name: ubuntu FullName: ubuntu 
2023/04/26 09:31:50 INFO  - jmeter.gui.action.LookAndFeelCommand: Using look and feel: javax.swing.plaf.metal.MetalLookAndFeel [Metal, CrossPlatform, System] 
2023/04/26 09:31:50 INFO  - jmeter.JMeter: Loaded icon properties from org/apache/jmeter/images/icon.properties 
2023/04/26 09:31:51 INFO  - jmeter.engine.util.CompoundVariable: Note: Function class names must contain the string: '.functions.' 
2023/04/26 09:31:51 INFO  - jmeter.engine.util.CompoundVariable: Note: Function class names must not contain the string: '.gui.' 
2023/04/26 09:31:54 INFO  - jmeter.util.BSFTestElement: Registering JMeter version of JavaScript engine as work-round for BSF-22 
2023/04/26 09:31:55 INFO  - jmeter.protocol.http.sampler.HTTPSamplerBase: Cannot find .className property for htmlParser, using default 
2023/04/26 09:31:55 INFO  - jmeter.protocol.http.sampler.HTTPSamplerBase: Parser for text/html is  
2023/04/26 09:31:55 INFO  - jmeter.protocol.http.sampler.HTTPSamplerBase: Parser for application/xhtml+xml is  
2023/04/26 09:31:55 INFO  - jmeter.protocol.http.sampler.HTTPSamplerBase: Parser for application/xml is  
2023/04/26 09:31:55 INFO  - jmeter.protocol.http.sampler.HTTPSamplerBase: Parser for text/xml is  
2023/04/26 09:31:55 INFO  - jmeter.protocol.http.sampler.HTTPSamplerBase: Parser for text/vnd.wap.wml is org.apache.jmeter.protocol.http.parser.RegexpHTMLParser 
2023/04/26 09:31:55 INFO  - jmeter.gui.util.MenuFactory: Skipping org.apache.jmeter.protocol.http.modifier.gui.ParamModifierGui 
2023/04/26 09:31:55 INFO  - jorphan.exec.KeyToolUtils: keytool found at 'keytool' 
2023/04/26 09:31:55 INFO  - jmeter.protocol.http.proxy.ProxyControl: HTTP(S) Test Script Recorder SSL Proxy will use keys that support embedded 3rd party resources in file /usr/share/jmeter/bin/proxyserver.jks 
2023/04/26 09:31:55 INFO  - jmeter.samplers.SampleResult: Note: Sample TimeStamps are START times 
2023/04/26 09:31:55 INFO  - jmeter.samplers.SampleResult: sampleresult.default.encoding is set to ISO-8859-1 
2023/04/26 09:31:55 INFO  - jmeter.samplers.SampleResult: sampleresult.useNanoTime=true 
2023/04/26 09:31:55 INFO  - jmeter.samplers.SampleResult: sampleresult.nanoThreadSleep=5000 
2023/04/26 09:33:22 INFO  - jmeter.services.FileServer: Default base='/home/omarff/Desktop/ticket_app' 
2023/04/26 09:40:17 INFO  - jmeter.save.SaveService: Testplan (JMX) version: 2.2. Testlog (JTL) version: 2.2 
2023/04/26 09:40:17 INFO  - jmeter.save.SaveService: Using SaveService properties version 2.8 
2023/04/26 09:40:17 INFO  - jmeter.save.SaveService: Using SaveService properties file version 1656252 
2023/04/26 09:40:17 INFO  - jmeter.save.SaveService: Using SaveService properties file encoding UTF-8 
2023/04/26 09:40:17 INFO  - jmeter.save.SaveService: All converter versions present and correct 
2023/04/26 09:40:17 INFO  - jmeter.save.CSVSaveService: /home/omarff/Desktop/ticket_app/test/summary.csv does not appear to have a valid header. Using default configuration. 
2023/04/26 09:40:17 WARN  - jmeter.save.CSVSaveService: java.lang.NumberFormatException: For input string: "Label" 
2023/04/26 09:40:17 INFO  - jmeter.save.CSVSaveService: Label did not match yyyy/MM/dd HH:mm:ss.SSS 
2023/04/26 09:40:17 INFO  - jmeter.save.CSVSaveService: Label did not match yyyy/MM/dd HH:mm:ss 
2023/04/26 09:40:17 INFO  - jmeter.save.CSVSaveService: Label did not match yyyy-MM-dd HH:mm:ss.SSS 
2023/04/26 09:40:17 INFO  - jmeter.save.CSVSaveService: Label did not match yyyy-MM-dd HH:mm:ss 
2023/04/26 09:40:17 INFO  - jmeter.save.CSVSaveService: Label did not match MM/dd/yy HH:mm:ss 
2023/04/26 09:40:17 WARN  - jmeter.save.CSVSaveService: Error parsing field 'timeStamp' at line 1 java.text.ParseException: No date-time format found matching Label 
2023/04/26 09:40:17 WARN  - jmeter.reporters.ResultCollector: Problem reading JTL file: /home/omarff/Desktop/ticket_app/test/summary.csv 
2023/04/26 09:40:43 INFO  - jmeter.services.FileServer: Set new base='/home/omarff/Desktop/ticket_app/test' 
2023/04/26 09:40:53 INFO  - jmeter.engine.StandardJMeterEngine: Listeners will be started after enabling running version 
2023/04/26 09:40:53 INFO  - jmeter.engine.StandardJMeterEngine: To revert to the earlier behaviour, define jmeterengine.startlistenerslater=false 
2023/04/26 09:40:53 INFO  - jmeter.engine.StandardJMeterEngine: Running the test! 
2023/04/26 09:40:53 INFO  - jmeter.samplers.SampleEvent: List of sample_variables: [] 
2023/04/26 09:40:53 INFO  - jmeter.samplers.SampleEvent: List of sample_variables: [] 
2023/04/26 09:40:53 INFO  - jmeter.gui.util.JMeterMenuBar: setRunning(true,*local*) 
2023/04/26 09:40:53 INFO  - jmeter.engine.StandardJMeterEngine: Starting ThreadGroup: 1 : Thread Group 
2023/04/26 09:40:53 INFO  - jmeter.engine.StandardJMeterEngine: Starting 10 threads for group Thread Group. 
2023/04/26 09:40:53 INFO  - jmeter.engine.StandardJMeterEngine: Thread will continue on error 
2023/04/26 09:40:53 INFO  - jmeter.threads.ThreadGroup: Starting thread group number 1 threads 10 ramp-up 10 perThread 1000.0 delayedStart=false 
2023/04/26 09:40:53 INFO  - jmeter.threads.JMeterThread: jmeterthread.startearlier=true (see jmeter.properties) 
2023/04/26 09:40:53 INFO  - jmeter.threads.JMeterThread: Running PostProcessors in forward order 
2023/04/26 09:40:53 INFO  - jmeter.threads.JMeterThread: Thread started: Thread Group 1-1 
2023/04/26 09:40:53 INFO  - jmeter.threads.ThreadGroup: Started thread group number 1 
2023/04/26 09:40:53 INFO  - jmeter.engine.StandardJMeterEngine: All thread groups have been started 
2023/04/26 09:40:53 INFO  - jmeter.protocol.http.sampler.HTTPHCAbstractImpl: Local host = ubuntu 
2023/04/26 09:40:53 INFO  - jmeter.protocol.http.sampler.HTTPHC4Impl: HTTP request retry count = 0 
2023/04/26 09:40:54 INFO  - jmeter.protocol.http.sampler.HTTPHC4Impl: Setting up HTTPS TrustAll scheme 
2023/04/26 09:40:54 INFO  - jmeter.util.JsseSSLManager: Using default SSL protocol: TLS 
2023/04/26 09:40:54 INFO  - jmeter.util.JsseSSLManager: SSL session context: per-thread 
2023/04/26 09:40:54 INFO  - jmeter.threads.JMeterThread: Thread is done: Thread Group 1-1 
2023/04/26 09:40:54 INFO  - jmeter.threads.JMeterThread: Thread finished: Thread Group 1-1 
2023/04/26 09:40:54 INFO  - jmeter.threads.JMeterThread: Thread started: Thread Group 1-2 
2023/04/26 09:40:54 INFO  - jmeter.threads.JMeterThread: Thread is done: Thread Group 1-2 
2023/04/26 09:40:54 INFO  - jmeter.threads.JMeterThread: Thread finished: Thread Group 1-2 
2023/04/26 09:40:55 INFO  - jmeter.threads.JMeterThread: Thread started: Thread Group 1-3 
2023/04/26 09:40:55 INFO  - jmeter.threads.JMeterThread: Thread is done: Thread Group 1-3 
2023/04/26 09:40:55 INFO  - jmeter.threads.JMeterThread: Thread finished: Thread Group 1-3 
2023/04/26 09:40:56 INFO  - jmeter.threads.JMeterThread: Thread started: Thread Group 1-4 
2023/04/26 09:40:56 INFO  - jmeter.threads.JMeterThread: Thread is done: Thread Group 1-4 
2023/04/26 09:40:56 INFO  - jmeter.threads.JMeterThread: Thread finished: Thread Group 1-4 
2023/04/26 09:40:57 INFO  - jmeter.threads.JMeterThread: Thread started: Thread Group 1-5 
2023/04/26 09:40:57 INFO  - jmeter.threads.JMeterThread: Thread is done: Thread Group 1-5 
2023/04/26 09:40:57 INFO  - jmeter.threads.JMeterThread: Thread finished: Thread Group 1-5 
2023/04/26 09:40:58 INFO  - jmeter.threads.JMeterThread: Thread started: Thread Group 1-6 
2023/04/26 09:40:58 INFO  - jmeter.threads.JMeterThread: Thread is done: Thread Group 1-6 
2023/04/26 09:40:58 INFO  - jmeter.threads.JMeterThread: Thread finished: Thread Group 1-6 
2023/04/26 09:40:59 INFO  - jmeter.threads.JMeterThread: Thread started: Thread Group 1-7 
2023/04/26 09:40:59 INFO  - jmeter.threads.JMeterThread: Thread is done: Thread Group 1-7 
2023/04/26 09:40:59 INFO  - jmeter.threads.JMeterThread: Thread finished: Thread Group 1-7 
2023/04/26 09:41:00 INFO  - jmeter.threads.JMeterThread: Thread started: Thread Group 1-8 
2023/04/26 09:41:01 INFO  - jmeter.threads.JMeterThread: Thread is done: Thread Group 1-8 
2023/04/26 09:41:01 INFO  - jmeter.threads.JMeterThread: Thread finished: Thread Group 1-8 
2023/04/26 09:41:01 INFO  - jmeter.threads.JMeterThread: Thread started: Thread Group 1-9 
2023/04/26 09:41:01 INFO  - jmeter.threads.JMeterThread: Thread is done: Thread Group 1-9 
2023/04/26 09:41:01 INFO  - jmeter.threads.JMeterThread: Thread finished: Thread Group 1-9 
2023/04/26 09:41:02 INFO  - jmeter.threads.JMeterThread: Thread started: Thread Group 1-10 
2023/04/26 09:41:03 INFO  - jmeter.threads.JMeterThread: Thread is done: Thread Group 1-10 
2023/04/26 09:41:03 INFO  - jmeter.threads.JMeterThread: Thread finished: Thread Group 1-10 
2023/04/26 09:41:03 INFO  - jmeter.engine.StandardJMeterEngine: Notifying test listeners of end of test 
2023/04/26 09:41:03 INFO  - jmeter.gui.util.JMeterMenuBar: setRunning(false,*local*) 
